<?xml version="1.0" encoding="UTF-8"?>
<!-- Generated by org.testng.reporters.JUnitXMLReporter -->
<testsuite ignored="0" hostname="Jack" failures="1" tests="2" name="FireFoxTest" time="10.001" errors="0" timestamp="2024-03-21T21:49:03 IST">
  <testcase classname="qa.tests.LoginTests" name="enteringCredentials" time="0.001">
    <skipped/>
  </testcase> <!-- enteringCredentials -->
  <testcase classname="qa.tests.LoginTests" name="enteringCredentials" time="0.002">
    <failure type="java.lang.NullPointerException" message="Cannot invoke &amp;quot;com.aventstack.extentreports.ExtentTest.info(String)&amp;quot; because &amp;quot;this.logger&amp;quot; is null">
      <![CDATA[java.lang.NullPointerException: Cannot invoke "com.aventstack.extentreports.ExtentTest.info(String)" because "this.logger" is null
at qa.tests.LoginTests.enteringCredentials(LoginTests.java:18)
at java.base/java.util.ArrayList.forEach(ArrayList.java:1511)
... Removed 25 stack frames]]>
    </failure>
  </testcase> <!-- enteringCredentials -->
</testsuite> <!-- FireFoxTest -->
