<?xml version="1.0" encoding="UTF-8"?>
<!-- Generated by org.testng.reporters.JUnitXMLReporter -->
<testsuite ignored="0" hostname="Jack" failures="0" tests="1" name="Test" time="24.518" errors="0" timestamp="2024-03-21T20:50:33 IST">
  <testcase classname="base.BaseTest" name="@AfterMethod afterMethod" time="0.011">
    <failure type="java.lang.NullPointerException" message="Cannot invoke &amp;quot;com.aventstack.extentreports.ExtentTest.log(com.aventstack.extentreports.Status, com.aventstack.extentreports.markuputils.Markup)&amp;quot; because &amp;quot;this.logger&amp;quot; is null">
      <![CDATA[java.lang.NullPointerException: Cannot invoke "com.aventstack.extentreports.ExtentTest.log(com.aventstack.extentreports.Status, com.aventstack.extentreports.markuputils.Markup)" because "this.logger" is null
at base.BaseTest.afterMethod(BaseTest.java:72)
at java.base/java.util.ArrayList.forEach(ArrayList.java:1511)
... Removed 30 stack frames]]>
    </failure>
  </testcase> <!-- @AfterMethod afterMethod -->
  <testcase classname="qa.tests.LoginTests" name="enteringCredentials" time="5.668"/>
</testsuite> <!-- Test -->
